Current time: 09:39:37.766547
Temperature: 23.507°C
Humidity: 42.498%

Current time: 09:39:37.781126
Soil Moisture: 30.305
Soil Temperature: 390.000°C

Current time: 09:39:37.787063
Value = 3248, Voltage = 0.4060123905148473
Wind speed: 0.097m/s

Current time: 09:39:40.799089
Value = 3248, Voltage = 0.4060123905148473
Wind speed: 0.097m/s

Current time: 09:39:42.808126
Temperature: 23.491°C
Humidity: 42.574%

Current time: 09:41:12.850921
Temperature: 23.547°C
Humidity: 42.423%

Current time: 09:41:12.865586
Soil Moisture: 30.503
Soil Temperature: 390.000°C

Current time: 09:41:12.870890
Value = 3248, Voltage = 0.4060123905148473
Wind speed: 0.097m/s

Current time: 09:41:15.886717
Value = 3248, Voltage = 0.4060123905148473
Wind speed: 0.097m/s

Current time: 09:41:17.888398
Temperature: 23.534°C
Humidity: 42.437%

